<?xml version="1.0" encoding="UTF-8"?>
<!-- Generated by org.testng.reporters.JUnitXMLReporter -->
<testsuite ignored="0" hostname="VINOD" failures="0" tests="3" name="Surefire test" time="0.113" errors="0" timestamp="2024-07-06T10:48:09 IST">
  <testcase classname="MavenJava.AppiumTest" name="selenium" time="0.013"/>
  <testcase classname="MavenJava.RestAssuredTest" name="selenium" time="0.002"/>
  <testcase classname="MavenJava.SeleniumTest" name="selenium" time="0.001"/>
</testsuite> <!-- Surefire test -->
