<?xml version="1.0" encoding="UTF-8"?>
<testng-results ignored="0" total="3" passed="3" failed="0" skipped="0">
  <reporter-output>
  </reporter-output>
  <suite started-at="2024-07-06T10:48:23 IST" name="Suite" finished-at="2024-07-06T10:48:24 IST" duration-ms="110">
    <groups>
    </groups>
    <test started-at="2024-07-06T10:48:23 IST" name="Test" finished-at="2024-07-06T10:48:24 IST" duration-ms="110">
      <class name="MavenJava.SeleniumTest">
        <test-method signature="selenium()[pri:0, instance:MavenJava.SeleniumTest@31368b99]" started-at="2024-07-06T10:48:24 IST" name="selenium" finished-at="2024-07-06T10:48:24 IST" duration-ms="2" status="PASS">
          <reporter-output>
          </reporter-output>
        </test-method> <!-- selenium -->
      </class> <!-- MavenJava.SeleniumTest -->
      <class name="MavenJava.AppiumTest">
        <test-method signature="selenium()[pri:0, instance:MavenJava.AppiumTest@5e82df6a]" started-at="2024-07-06T10:48:24 IST" name="selenium" finished-at="2024-07-06T10:48:24 IST" duration-ms="11" status="PASS">
          <reporter-output>
          </reporter-output>
        </test-method> <!-- selenium -->
      </class> <!-- MavenJava.AppiumTest -->
      <class name="MavenJava.RestAssuredTest">
        <test-method signature="selenium()[pri:0, instance:MavenJava.RestAssuredTest@1725dc0f]" started-at="2024-07-06T10:48:24 IST" name="selenium" finished-at="2024-07-06T10:48:24 IST" duration-ms="2" status="PASS">
          <reporter-output>
          </reporter-output>
        </test-method> <!-- selenium -->
      </class> <!-- MavenJava.RestAssuredTest -->
    </test> <!-- Test -->
  </suite> <!-- Suite -->
</testng-results>
