<?xml version="1.0" encoding="UTF-8"?>
<testng-results ignored="0" total="1" passed="1" failed="0" skipped="0">
  <reporter-output>
  </reporter-output>
  <suite started-at="2024-07-06T09:07:39 IST" name="Default suite" finished-at="2024-07-06T09:07:39 IST" duration-ms="201">
    <groups>
    </groups>
    <test started-at="2024-07-06T09:07:39 IST" name="Default test" finished-at="2024-07-06T09:07:39 IST" duration-ms="201">
      <class name="MavenJava.SeleniumTest">
        <test-method signature="selenium()[pri:0, instance:MavenJava.SeleniumTest@506ae4d4]" started-at="2024-07-06T09:07:39 IST" name="selenium" finished-at="2024-07-06T09:07:39 IST" duration-ms="22" status="PASS">
          <reporter-output>
          </reporter-output>
        </test-method> <!-- selenium -->
      </class> <!-- MavenJava.SeleniumTest -->
    </test> <!-- Default test -->
  </suite> <!-- Default suite -->
</testng-results>
